  DBAgent.cpp
F:\Unreal Project\Aura\Source\SessionServer\DBAgent.cpp(1,1): warning C4819: 현재 코드 페이지(949)에서 표시할 수 없는 문자가 파일에 들어 있습니다. 데이터가 손실되지 않게 하려면 해당 파일을 유니코드 형식으로 저장하십시오.
F:\Unreal Project\Aura\Source\SessionServer\DBAgent.h(1,1): warning C4819: 현재 코드 페이지(949)에서 표시할 수 없는 문자가 파일에 들어 있습니다. 데이터가 손실되지 않게 하려면 해당 파일을 유니코드 형식으로 저장하십시오.
  (소스 파일 'DBAgent.cpp'을(를) 컴파일하는 중)
  
F:\Unreal Project\Aura\Source\SessionServer\SpinLock.h(1,1): warning C4819: 현재 코드 페이지(949)에서 표시할 수 없는 문자가 파일에 들어 있습니다. 데이터가 손실되지 않게 하려면 해당 파일을 유니코드 형식으로 저장하십시오.
  (소스 파일 'DBAgent.cpp'을(를) 컴파일하는 중)
  
F:\Unreal Project\Aura\Source\SessionServer\DBAgent.cpp(109,19): warning C4244: '초기화 중': 'uint64_t'에서 'int'(으)로 변환하면서 데이터가 손실될 수 있습니다.
F:\Unreal Project\Aura\Source\SessionServer\DBAgent.cpp(138,2): warning C4996: 'sprintf': This function or variable may be unsafe. Consider using sprintf_s instead. To disable deprecation, use _CRT_SECURE_NO_WARNINGS. See online help for details.
  main.cpp
F:\Unreal Project\Aura\Source\SessionServer\main.cpp(1,1): warning C4819: 현재 코드 페이지(949)에서 표시할 수 없는 문자가 파일에 들어 있습니다. 데이터가 손실되지 않게 하려면 해당 파일을 유니코드 형식으로 저장하십시오.
F:\Unreal Project\Aura\Source\SessionServer\ServerNetwork\IOCPServer.h(1,1): warning C4819: 현재 코드 페이지(949)에서 표시할 수 없는 문자가 파일에 들어 있습니다. 데이터가 손실되지 않게 하려면 해당 파일을 유니코드 형식으로 저장하십시오.
  (소스 파일 'main.cpp'을(를) 컴파일하는 중)
  
F:\Unreal Project\Aura\Source\SessionServer\DBAgent.h(1,1): warning C4819: 현재 코드 페이지(949)에서 표시할 수 없는 문자가 파일에 들어 있습니다. 데이터가 손실되지 않게 하려면 해당 파일을 유니코드 형식으로 저장하십시오.
  (소스 파일 'main.cpp'을(를) 컴파일하는 중)
  
F:\Unreal Project\Aura\Source\SessionServer\SpinLock.h(1,1): warning C4819: 현재 코드 페이지(949)에서 표시할 수 없는 문자가 파일에 들어 있습니다. 데이터가 손실되지 않게 하려면 해당 파일을 유니코드 형식으로 저장하십시오.
  (소스 파일 'main.cpp'을(를) 컴파일하는 중)
  
  PacketManager.cpp
F:\Unreal Project\Aura\Source\SessionServer\PacketManager.cpp(1,1): warning C4819: 현재 코드 페이지(949)에서 표시할 수 없는 문자가 파일에 들어 있습니다. 데이터가 손실되지 않게 하려면 해당 파일을 유니코드 형식으로 저장하십시오.
F:\Unreal Project\Aura\Source\SessionServer\DBAgent.h(1,1): warning C4819: 현재 코드 페이지(949)에서 표시할 수 없는 문자가 파일에 들어 있습니다. 데이터가 손실되지 않게 하려면 해당 파일을 유니코드 형식으로 저장하십시오.
  (소스 파일 'PacketManager.cpp'을(를) 컴파일하는 중)
  
F:\Unreal Project\Aura\Source\SessionServer\SpinLock.h(1,1): warning C4819: 현재 코드 페이지(949)에서 표시할 수 없는 문자가 파일에 들어 있습니다. 데이터가 손실되지 않게 하려면 해당 파일을 유니코드 형식으로 저장하십시오.
  (소스 파일 'PacketManager.cpp'을(를) 컴파일하는 중)
  
  코드를 생성하고 있습니다...
F:\Unreal Project\Aura\Source\SessionServer\DBAgent.cpp(138): warning C4700: 초기화되지 않은 'query' 지역 변수를 사용했습니다.
  SessionServer.vcxproj -> F:\Unreal Project\Aura\Source\bin\ChatServer.exe
